Performing C SOURCE FILE Test CMAKE_HAVE_LIBC_PTHREAD failed with the following output:
Change Dir: /mnt/c/Studies/2nd year/CS/milestone2/cmake-build-wsl_profile/CMakeFiles/CMakeTmp

Run Build Command(s):/usr/bin/make cmTC_527c3/fast && make: Warning: File 'Makefile' has modification time 0.46 s in the future
/usr/bin/make  -f CMakeFiles/cmTC_527c3.dir/build.make CMakeFiles/cmTC_527c3.dir/build
make[1]: Entering directory '/mnt/c/Studies/2nd year/CS/milestone2/cmake-build-wsl_profile/CMakeFiles/CMakeTmp'
make[1]: Warning: File 'CMakeFiles/cmTC_527c3.dir/flags.make' has modification time 0.34 s in the future
Building C object CMakeFiles/cmTC_527c3.dir/src.c.o
/usr/bin/cc   -DCMAKE_HAVE_LIBC_PTHREAD   -o CMakeFiles/cmTC_527c3.dir/src.c.o   -c "/mnt/c/Studies/2nd year/CS/milestone2/cmake-build-wsl_profile/CMakeFiles/CMakeTmp/src.c"
Linking C executable cmTC_527c3
/usr/local/bin/cmake -E cmake_link_script CMakeFiles/cmTC_527c3.dir/link.txt --verbose=1
/usr/bin/cc  -DCMAKE_HAVE_LIBC_PTHREAD    CMakeFiles/cmTC_527c3.dir/src.c.o  -o cmTC_527c3 
/usr/bin/ld: CMakeFiles/cmTC_527c3.dir/src.c.o: in function `main':
src.c:(.text+0x46): undefined reference to `pthread_create'
/usr/bin/ld: src.c:(.text+0x52): undefined reference to `pthread_detach'
/usr/bin/ld: src.c:(.text+0x5e): undefined reference to `pthread_cancel'
/usr/bin/ld: src.c:(.text+0x6f): undefined reference to `pthread_join'
collect2: error: ld returned 1 exit status
make[1]: *** [CMakeFiles/cmTC_527c3.dir/build.make:107: cmTC_527c3] Error 1
make[1]: Leaving directory '/mnt/c/Studies/2nd year/CS/milestone2/cmake-build-wsl_profile/CMakeFiles/CMakeTmp'
make: *** [Makefile:141: cmTC_527c3/fast] Error 2


Source file was:
#include <pthread.h>

void* test_func(void* data)
{
  return data;
}

int main(void)
{
  pthread_t thread;
  pthread_create(&thread, NULL, test_func, NULL);
  pthread_detach(thread);
  pthread_cancel(thread);
  pthread_join(thread, NULL);
  pthread_atfork(NULL, NULL, NULL);
  pthread_exit(NULL);

  return 0;
}

Determining if the function pthread_create exists in the pthreads failed with the following output:
Change Dir: /mnt/c/Studies/2nd year/CS/milestone2/cmake-build-wsl_profile/CMakeFiles/CMakeTmp

Run Build Command(s):/usr/bin/make cmTC_82ab8/fast && make: Warning: File 'Makefile' has modification time 0.52 s in the future
/usr/bin/make  -f CMakeFiles/cmTC_82ab8.dir/build.make CMakeFiles/cmTC_82ab8.dir/build
make[1]: Entering directory '/mnt/c/Studies/2nd year/CS/milestone2/cmake-build-wsl_profile/CMakeFiles/CMakeTmp'
make[1]: Warning: File 'CMakeFiles/cmTC_82ab8.dir/flags.make' has modification time 0.44 s in the future
Building C object CMakeFiles/cmTC_82ab8.dir/CheckFunctionExists.c.o
/usr/bin/cc   -DCHECK_FUNCTION_EXISTS=pthread_create   -o CMakeFiles/cmTC_82ab8.dir/CheckFunctionExists.c.o   -c /usr/local/share/cmake-3.17/Modules/CheckFunctionExists.c
Linking C executable cmTC_82ab8
/usr/local/bin/cmake -E cmake_link_script CMakeFiles/cmTC_82ab8.dir/link.txt --verbose=1
/usr/bin/cc  -DCHECK_FUNCTION_EXISTS=pthread_create    CMakeFiles/cmTC_82ab8.dir/CheckFunctionExists.c.o  -o cmTC_82ab8  -lpthreads 
/usr/bin/ld: cannot find -lpthreads
collect2: error: ld returned 1 exit status
make[1]: *** [CMakeFiles/cmTC_82ab8.dir/build.make:107: cmTC_82ab8] Error 1
make[1]: Leaving directory '/mnt/c/Studies/2nd year/CS/milestone2/cmake-build-wsl_profile/CMakeFiles/CMakeTmp'
make: *** [Makefile:141: cmTC_82ab8/fast] Error 2



